<?xml version="1.0" encoding="UTF-8"?>
<!-- Generated by org.testng.reporters.JUnitReportReporter -->
<testsuite skipped="0" hostname="DESKTOP-P9O646S" name="com.expedia.expediaflightssearch.ExpediaSrchPageTestng" tests="3" failures="0" timestamp="11 Jan 2019 00:10:41 GMT" time="153.995" errors="0">
  <testcase name="test" time="54.537" classname="com.expedia.expediaflightssearch.ExpediaSrchPageTestng"/>
  <testcase name="test" time="50.571" classname="com.expedia.expediaflightssearch.ExpediaSrchPageTestng"/>
  <testcase name="test" time="48.887" classname="com.expedia.expediaflightssearch.ExpediaSrchPageTestng"/>
</testsuite> <!-- com.expedia.expediaflightssearch.ExpediaSrchPageTestng -->
