<?xml version="1.0" encoding="UTF-8"?>
<!-- Generated by org.testng.reporters.JUnitReportReporter -->
<testsuite skipped="0" hostname="DESKTOP-P9O646S" name="com.expedia.expediaflightssearch.ExpediaSrchPageTestng" tests="3" failures="0" timestamp="10 Jan 2019 22:29:09 GMT" time="195.524" errors="0">
  <testcase name="test" time="80.566" classname="com.expedia.expediaflightssearch.ExpediaSrchPageTestng"/>
  <testcase name="test" time="58.352" classname="com.expedia.expediaflightssearch.ExpediaSrchPageTestng"/>
  <testcase name="test" time="56.606" classname="com.expedia.expediaflightssearch.ExpediaSrchPageTestng"/>
</testsuite> <!-- com.expedia.expediaflightssearch.ExpediaSrchPageTestng -->
