<?xml version="1.0" encoding="UTF-8"?>
<!-- Generated by org.testng.reporters.JUnitReportReporter -->
<testsuite skipped="3" hostname="DESKTOP-P9O646S" name="com.expedia.expediaflightssearch.NewTest2" tests="14" failures="0" timestamp="10 Jan 2019 22:14:49 GMT" time="0.528" errors="0">
  <testcase name="testMethod3" time="0.256" classname="com.expedia.expediaflightssearch.NewTest2"/>
  <testcase name="testMethod7" time="0.001" classname="com.expedia.expediaflightssearch.NewTest2"/>
  <testcase name="testMethod7" time="0.001" classname="com.expedia.expediaflightssearch.NewTest2"/>
  <testcase name="testMethod5" time="0.000" classname="com.expedia.expediaflightssearch.NewTest2"/>
  <testcase name="testMethod7" time="0.001" classname="com.expedia.expediaflightssearch.NewTest2"/>
  <testcase name="testMethod3" time="0.236" classname="com.expedia.expediaflightssearch.NewTest2"/>
  <testcase name="testMethod6" time="0.000" classname="com.expedia.expediaflightssearch.NewTest2"/>
  <testcase name="testMethod6" time="0.000" classname="com.expedia.expediaflightssearch.NewTest2"/>
  <testcase name="testMethod5" time="0.004" classname="com.expedia.expediaflightssearch.NewTest2"/>
  <testcase name="testMethod5" time="0.000" classname="com.expedia.expediaflightssearch.NewTest2"/>
  <testcase name="testMethod6" time="0.029" classname="com.expedia.expediaflightssearch.NewTest2"/>
  <testcase name="testMethod4" classname="com.expedia.expediaflightssearch.NewTest2">
    <skipped/>
  </testcase> <!-- testMethod4 -->
  <testcase name="testMethod4" classname="com.expedia.expediaflightssearch.NewTest2">
    <skipped/>
  </testcase> <!-- testMethod4 -->
  <testcase name="testMethod4" classname="com.expedia.expediaflightssearch.NewTest2">
    <skipped/>
  </testcase> <!-- testMethod4 -->
</testsuite> <!-- com.expedia.expediaflightssearch.NewTest2 -->
