<?xml version="1.0" encoding="UTF-8"?>
<!-- Generated by org.testng.reporters.JUnitReportReporter -->
<testsuite skipped="0" hostname="DESKTOP-P9O646S" name="com.expedia.expediaflightssearch.NewTest1" tests="12" failures="0" timestamp="10 Jan 2019 22:14:49 GMT" time="7.817" errors="0">
  <testcase name="testMethod6" time="0.001" classname="com.expedia.expediaflightssearch.NewTest1"/>
  <testcase name="testMethod5" time="0.000" classname="com.expedia.expediaflightssearch.NewTest1"/>
  <testcase name="testMethod1" time="3.887" classname="com.expedia.expediaflightssearch.NewTest1"/>
  <testcase name="testMethod1" time="3.899" classname="com.expedia.expediaflightssearch.NewTest1"/>
  <testcase name="testMethod5" time="0.000" classname="com.expedia.expediaflightssearch.NewTest1"/>
  <testcase name="testMethod3" time="0.001" classname="com.expedia.expediaflightssearch.NewTest1"/>
  <testcase name="testMethod4" time="0.000" classname="com.expedia.expediaflightssearch.NewTest1"/>
  <testcase name="testMethod4" time="0.001" classname="com.expedia.expediaflightssearch.NewTest1"/>
  <testcase name="testMethod6" time="0.000" classname="com.expedia.expediaflightssearch.NewTest1"/>
  <testcase name="testMethod4" time="0.028" classname="com.expedia.expediaflightssearch.NewTest1"/>
  <testcase name="testMethod3" time="0.000" classname="com.expedia.expediaflightssearch.NewTest1"/>
  <testcase name="testMethod5" time="0.000" classname="com.expedia.expediaflightssearch.NewTest1"/>
</testsuite> <!-- com.expedia.expediaflightssearch.NewTest1 -->
